cmd=exec&query=clean_gps&filters=&time=1494086930314255173
cmd=combobox&query=map_locators&combobox=filter_locator&time=1494087900140337323
cmd=table&query=map_annotations&filters=locator_id%3D%26year%3D2017%26month%3D5%26message%3D&time=149408790014537068
cmd=lookup&query=web_count_new_contacts&id=1&time=1494087904183701131
cmd=record&query=gps_info&filters=&time=1494087904191221123
cmd=lookup&query=clean_gps&id=0&time=1494087904194872199
cmd=lookup&query=web_count_new_contacts&id=1&time=1494087945472524283
cmd=record&query=gps_info&filters=&time=1494087945476358529
cmd=lookup&query=clean_gps&id=0&time=1494087945478367420
cmd=lookup&query=web_count_new_contacts&id=1&time=1494088028367192638
cmd=lookup&query=clean_gps&id=0&time=149408802837312230
cmd=record&query=gps_info&filters=&time=1494088028371269918
cmd=lookup&query=web_count_new_contacts&id=1&time=1494088037646601352
cmd=record&query=gps_info&filters=&time=1494088037649459432
cmd=lookup&query=clean_gps&id=0&time=1494088037651844898
cmd=lookup&query=web_count_new_contacts&id=1&time=1494099904207228770
cmd=record&query=gps_info&filters=&time=1494099904215697002
cmd=lookup&query=clean_gps&id=0&time=1494099904217210708
cmd=lookup&query=web_count_new_contacts&id=1&time=1494100496940737494
cmd=record&query=gps_info&filters=&time=1494100496942835238
cmd=lookup&query=clean_gps&id=0&time=1494100496944357721
cmd=record&query=gps_info&filters=&time=1494100557485230425
cmd=lookup&query=clean_gps&id=0&time=1494100557488981510
cmd=lookup&query=web_count_new_contacts&id=1&time=1494100557480620321
cmd=lookup&query=web_count_new_contacts&id=1&time=1494100583992842024
cmd=record&query=gps_info&filters=&time=1494100583994278845
cmd=lookup&query=clean_gps&id=0&time=1494100583996351854
cmd=lookup&query=web_count_new_contacts&id=1&time=1494100705774951292
cmd=record&query=gps_info&filters=&time=1494100705780435367
cmd=lookup&query=clean_gps&id=0&time=1494100705782667990
cmd=lookup&query=web_count_new_contacts&id=1&time=1494100795667293155
cmd=record&query=gps_info&filters=&time=1494100795672327120
cmd=lookup&query=clean_gps&id=0&time=1494100795674274159
cmd=record&query=gps_info&filters=&time=1494133470813407883
cmd=lookup&query=clean_gps&id=0&time=14941334708163066
cmd=lookup&query=web_count_new_contacts&id=1&time=1494133470810369253
cmd=lookup&query=web_count_new_contacts&id=1&time=1494160403354687594
cmd=record&query=gps_info&filters=&time=1494160403358592769
cmd=lookup&query=clean_gps&id=0&time=1494160403362240029
cmd=lookup&query=web_count_new_contacts&id=1&time=1494160624568451719
cmd=record&query=gps_info&filters=&time=1494160624571831637
cmd=lookup&query=clean_gps&id=0&time=1494160624572107206
cmd=exec&query=empty_gps&filters=&time=1494160896622945560
cmd=record&query=gps_info&filters=&time=1494160896656410765
cmd=lookup&query=web_count_new_contacts&id=1&time=1494160907023885012
cmd=record&query=gps_info&filters=&time=1494160907025632383
cmd=lookup&query=clean_gps&id=0&time=1494160907029637624
cmd=lookup&query=web_count_new_contacts&id=1&time=149416149007612721
cmd=record&query=gps_info&filters=&time=1494161490080779272
cmd=lookup&query=clean_gps&id=0&time=1494161490083895706
cmd=lookup&query=web_count_new_contacts&id=1&time=1494171290926105431
cmd=lookup&query=clean_gps&id=0&time=1494171290930883567
cmd=record&query=gps_info&filters=&time=1494171290928585928
cmd=lookup&query=web_count_new_contacts&id=1&time=1494214089568161395
cmd=lookup&query=clean_gps&id=0&time=1494214089573586071
cmd=record&query=gps_info&filters=&time=1494214089571258579
cmd=lookup&query=web_count_new_contacts&id=1&time=1494269006479267920
cmd=record&query=gps_info&filters=&time=1494269006481170698
cmd=lookup&query=clean_gps&id=0&time=1494269006483586340
cmd=combobox&query=map_groups&combobox=filter_group&time=149427451891745133
cmd=grid&query=map_locators&filters=alias%3D%26group_id%3D0%26enabled%3D&time=1494274518935479742
cmd=combobox&query=map_groups&time=1494274519026255698
cmd=combobox&query=map_groups&combobox=filter_group&time=1494336069180556366
cmd=grid&query=map_locators&filters=alias%3D%26group_id%3D0%26enabled%3D&time=1494336069191881531
cmd=combobox&query=map_groups&time=1494336069266826370
cmd=grid&query=map_locators&filters=alias%3D%26group_id%3D0%26enabled%3D&time=1494428663717120843
cmd=combobox&query=map_groups&combobox=filter_group&time=1494428663706753161
cmd=combobox&query=map_groups&time=1494428663827284785
cmd=lookup&query=web_count_new_contacts&id=1&time=1494428667659632772
cmd=record&query=gps_info&filters=&time=1494428667661441361
cmd=lookup&query=clean_gps&id=0&time=1494428667663378065
cmd=lookup&query=web_count_new_contacts&id=1&time=1494512372371437240
cmd=lookup&query=clean_gps&id=0&time=1494512372375993271
cmd=record&query=gps_info&filters=&time=1494512372373502836
cmd=lookup&query=web_count_new_contacts&id=1&time=1494512429572242458
cmd=record&query=gps_info&filters=&time=1494512429576307493
cmd=lookup&query=clean_gps&id=0&time=1494512429577654854
cmd=lookup&query=web_count_new_contacts&id=1&time=1494513333750195218
cmd=record&query=gps_info&filters=&time=1494513333752963295
cmd=lookup&query=clean_gps&id=0&time=1494513333754792348
cmd=lookup&query=web_count_new_contacts&id=1&time=1494515367559624975
cmd=record&query=gps_info&filters=&time=1494515367561493775
cmd=lookup&query=clean_gps&id=0&time=1494515367562384405
cmd=lookup&query=web_count_new_contacts&id=1&time=14945354475283852
cmd=lookup&query=clean_gps&id=0&time=149453544753458357
cmd=record&query=gps_info&filters=&time=1494535447532829389
cmd=lookup&query=web_count_new_contacts&id=1&time=1494562546699318357
cmd=lookup&query=clean_gps&id=0&time=1494562546707292983
cmd=record&query=gps_info&filters=&time=1494562546702290774
cmd=lookup&query=clean_gps&id=0&time=1494593420611620934
cmd=record&query=gps_info&filters=&time=1494593420605683087
cmd=lookup&query=web_count_new_contacts&id=1&time=149459342060376778
cmd=lookup&query=web_count_new_contacts&id=1&time=149459658736876164
cmd=record&query=gps_info&filters=&time=1494596587375705957
cmd=lookup&query=clean_gps&id=0&time=1494596587377544601
cmd=lookup&query=web_count_new_contacts&id=1&time=1494596589152116983
cmd=record&query=gps_info&filters=&time=1494596589154278099
cmd=lookup&query=clean_gps&id=0&time=1494596589156186907
cmd=lookup&query=web_count_new_contacts&id=1&time=1494599305862504519
cmd=record&query=gps_info&filters=&time=1494599305864120255
cmd=lookup&query=clean_gps&id=0&time=1494599305865232409
cmd=lookup&query=web_count_new_contacts&id=1&time=1494600113623978308
cmd=record&query=gps_info&filters=&time=1494600113626249311
cmd=lookup&query=clean_gps&id=0&time=14946001136289687
cmd=lookup&query=web_count_new_contacts&id=1&time=149460020775952436
cmd=record&query=gps_info&filters=&time=1494600207762961870
cmd=lookup&query=clean_gps&id=0&time=1494600207763308763
cmd=lookup&query=web_count_new_contacts&id=1&time=1494601377861305947
cmd=record&query=gps_info&filters=&time=1494601377866352959
cmd=lookup&query=clean_gps&id=0&time=149460137786761523
